9
171
327
327
129
235
327
327
327
129
327
7
327
55
313
171
27
129
171
9
327
235
73
327
235
2463
2919
2463
327
3711
871
2919
2463
2919
3711
1161
1161
2919
2463
1161
3711
3711
1161
1161
2919
2463
1161
2919
2919
1161
17673
13255
35655
17673
35655
26623
6171
26623
13255
26623
26623
6171
35655
6171
17673
6171
35655
6171
13255
35655
10971
23529
13255
17673
35655
106239
230631
156159
216367
230631
230631
230631
410011
410011
230631
106239
142587
142587
156159
230631
410011
410011
230631
52527
230631
230631
410011
156159
410011
216367
837799
3732423
3732423
1723519
2298025
3732423
1723519
626331
626331
1723519
1564063
1126015
1564063
511935
1723519
3732423
3732423
3732423
2298025
3064033
1723519
837799
3732423
2298025
626331
